[1204/195619:ERROR:process_reader_win.cc(99)] process 777100 not found
[1204/195619:ERROR:exception_snapshot_win.cc(87)] thread ID 784000 not found in process
[1204/195619:WARNING:crash_report_exception_handler.cc(56)] ProcessSnapshotWin::Initialize failed
[1204/195619:ERROR:scoped_process_suspend.cc(38)] NtResumeProcess: 已尝试访问正在退出的过程。  (0xc000010a)
[0903/203530.037:ERROR:crash_report_database_win.cc(469)] failed to stat report
[0903/203530.038:ERROR:crash_report_database_win.cc(469)] failed to stat report
[0903/203530.038:ERROR:crash_report_database_win.cc(469)] failed to stat report
[0903/203530.038:ERROR:crash_report_database_win.cc(469)] failed to stat report
[0903/203530.038:ERROR:crash_report_database_win.cc(469)] failed to stat report
[0903/203530.039:ERROR:crash_report_database_win.cc(469)] failed to stat report
[0903/203530.039:ERROR:crash_report_database_win.cc(469)] failed to stat report
[0903/203530.039:ERROR:crash_report_database_win.cc(469)] failed to stat report
[0903/203530.039:ERROR:crash_report_database_win.cc(469)] failed to stat report
[0903/203530.039:ERROR:crash_report_database_win.cc(469)] failed to stat report
[0903/203530.039:ERROR:crash_report_database_win.cc(469)] failed to stat report
[0908/201925.482:ERROR:crash_report_database_win.cc(469)] failed to stat report
[0908/201925.483:ERROR:crash_report_database_win.cc(469)] failed to stat report
[0908/201925.483:ERROR:crash_report_database_win.cc(469)] failed to stat report
[0908/201925.483:ERROR:crash_report_database_win.cc(469)] failed to stat report
[0908/201925.483:ERROR:crash_report_database_win.cc(469)] failed to stat report
[0908/201925.483:ERROR:crash_report_database_win.cc(469)] failed to stat report
[0908/201925.484:ERROR:crash_report_database_win.cc(469)] failed to stat report
[0908/201925.484:ERROR:crash_report_database_win.cc(469)] failed to stat report
[0908/201925.484:ERROR:crash_report_database_win.cc(469)] failed to stat report
[0908/201925.484:ERROR:crash_report_database_win.cc(469)] failed to stat report
[0908/201925.484:ERROR:crash_report_database_win.cc(469)] failed to stat report
